*** Now run 'make gdb'.
***
6828 decimal is XXX octal!
Physical memory: 131072K available, base = 640K, extended = 130432K
boot_allocated memory at f0118000
Next memory at f0119000
boot_allocated memory at f0119000
Next memory at f0159000
boot_allocated memory at f0159000
Next memory at f0159000
boot_allocated memory at f0159000
Next memory at f0159000
check_page_free_list() succeeded!
check_page_alloc() succeeded!
check_page() succeeded!
check_kern_pgdir() succeeded!
boot_allocated memory at f0159000
Next memory at f0159000
check_page_free_list() succeeded!
check_page_installed_pgdir() succeeded!
Welcome to the JOS kernel monitor!
Type 'help' for a list of commands.
qemu: terminating on signal 15 from pid 4527
